<?xml version="1.0" encoding="UTF-8"?>
<!-- Generated by org.testng.reporters.JUnitReportReporter -->
<testsuite hostname="LAPTOP-QUOMNJ5A" failures="0" tests="1" name="Runners.Runner" time="45.665" errors="0" timestamp="2022-08-14T08:43:01 IST" skipped="0">
  <testcase classname="Runners.Runner" name="runScenario" time="45.665"/>
  <system-out/>
</testsuite> <!-- Runners.Runner -->
